<?xml version="1.0" encoding="UTF-8" standalone="no"?>
<!DOCTYPE log SYSTEM "logger.dtd">
<log>
<record>
  <date>2021-11-01T15:59:00</date>
  <millis>1635796740564</millis>
  <sequence>0</sequence>
  <logger>KKLA1234</logger>
  <level>INFO</level>
  <class>Client.Admin.AdminOperations</class>
  <method>createRoomFromFile</method>
  <thread>1</thread>
  <message>Room creation: 001
	Date: 12/01/2021
	Admin ID: KKLA1234</message>
</record>
<record>
  <date>2021-11-01T15:59:00</date>
  <millis>1635796740570</millis>
  <sequence>1</sequence>
  <logger>KKLA1234</logger>
  <level>INFO</level>
  <class>Client.Admin.AdminOperations</class>
  <method>createRoomFromFile</method>
  <thread>1</thread>
  <message>Room creation: 002
	Date: 12/01/2021
	Admin ID: KKLA1234</message>
</record>
<record>
  <date>2021-11-01T15:59:00</date>
  <millis>1635796740574</millis>
  <sequence>2</sequence>
  <logger>KKLA1234</logger>
  <level>INFO</level>
  <class>Client.Admin.AdminOperations</class>
  <method>createRoomFromFile</method>
  <thread>1</thread>
  <message>Room creation: 003
	Date: 12/01/2021
	Admin ID: KKLA1234</message>
</record>
<record>
  <date>2021-11-01T15:59:00</date>
  <millis>1635796740578</millis>
  <sequence>3</sequence>
  <logger>KKLA1234</logger>
  <level>INFO</level>
  <class>Client.Admin.AdminOperations</class>
  <method>createRoomFromFile</method>
  <thread>1</thread>
  <message>Room creation: 001
	Date: 12/02/2021
	Admin ID: KKLA1234</message>
</record>
<record>
  <date>2021-11-01T15:59:00</date>
  <millis>1635796740582</millis>
  <sequence>4</sequence>
  <logger>KKLA1234</logger>
  <level>INFO</level>
  <class>Client.Admin.AdminOperations</class>
  <method>createRoomFromFile</method>
  <thread>1</thread>
  <message>Room creation: 002
	Date: 12/02/2021
	Admin ID: KKLA1234</message>
</record>
<record>
  <date>2021-11-01T15:59:00</date>
  <millis>1635796740587</millis>
  <sequence>5</sequence>
  <logger>KKLA1234</logger>
  <level>INFO</level>
  <class>Client.Admin.AdminOperations</class>
  <method>createRoomFromFile</method>
  <thread>1</thread>
  <message>Room creation: 003
	Date: 12/02/2021
	Admin ID: KKLA1234</message>
</record>
<record>
  <date>2021-11-01T15:59:00</date>
  <millis>1635796740594</millis>
  <sequence>6</sequence>
  <logger>KKLA1234</logger>
  <level>INFO</level>
  <class>Client.Admin.AdminOperations</class>
  <method>createRoomFromFile</method>
  <thread>1</thread>
  <message>Room creation: 001
	Date: 12/03/2021
	Admin ID: KKLA1234</message>
</record>
<record>
  <date>2021-11-01T15:59:00</date>
  <millis>1635796740598</millis>
  <sequence>7</sequence>
  <logger>KKLA1234</logger>
  <level>INFO</level>
  <class>Client.Admin.AdminOperations</class>
  <method>createRoomFromFile</method>
  <thread>1</thread>
  <message>Room creation: 002
	Date: 12/03/2021
	Admin ID: KKLA1234</message>
</record>
<record>
  <date>2021-11-01T15:59:00</date>
  <millis>1635796740603</millis>
  <sequence>8</sequence>
  <logger>KKLA1234</logger>
  <level>INFO</level>
  <class>Client.Admin.AdminOperations</class>
  <method>createRoomFromFile</method>
  <thread>1</thread>
  <message>Room creation: 003
	Date: 12/03/2021
	Admin ID: KKLA1234</message>
</record>
</log>
